[2023-11-25 01:28:54.628] [info]  App starting...
[2023-11-25 01:31:40.314] [info]  App starting...
[2023-11-25 01:36:43.684] [info]  App starting...
[2023-11-25 03:31:41.822] [info]  Checking for update
[2023-11-25 03:31:41.919] [info]  Generated new staging user ID: bdf95838-b2bf-51b6-b865-cec65b11ff75
[2023-11-25 03:31:41.973] [error] Error: Error: net::ERR_INTERNET_DISCONNECTED
    at SimpleURLLoaderWrapper.<anonymous> (node:electron/js2c/browser_init:2:50188)
    at SimpleURLLoaderWrapper.emit (node:events:513:28)
[2023-11-25 05:31:42.713] [info]  Checking for update
[2023-11-25 05:31:42.716] [error] Error: Error: net::ERR_INTERNET_DISCONNECTED
    at SimpleURLLoaderWrapper.<anonymous> (node:electron/js2c/browser_init:2:50188)
    at SimpleURLLoaderWrapper.emit (node:events:513:28)
[2023-11-25 07:31:43.713] [info]  Checking for update
[2023-11-25 07:31:43.715] [error] Error: Error: net::ERR_INTERNET_DISCONNECTED
    at SimpleURLLoaderWrapper.<anonymous> (node:electron/js2c/browser_init:2:50188)
    at SimpleURLLoaderWrapper.emit (node:events:513:28)
[2023-11-25 09:31:44.769] [info]  Checking for update
[2023-11-25 09:31:47.135] [info]  Update for version 5.1.2 is not available (latest version: 5.1.2, downgrade is allowed).
[2023-11-25 11:31:45.807] [info]  Checking for update
[2023-11-25 11:31:47.362] [info]  Update for version 5.1.2 is not available (latest version: 5.1.2, downgrade is allowed).
[2023-11-25 13:31:46.961] [info]  Checking for update
[2023-11-25 13:31:48.623] [info]  Update for version 5.1.2 is not available (latest version: 5.1.2, downgrade is allowed).
[2023-11-25 15:31:47.713] [info]  Checking for update
[2023-11-25 15:32:04.607] [error] Error: Error: net::ERR_NETWORK_CHANGED
    at SimpleURLLoaderWrapper.<anonymous> (node:electron/js2c/browser_init:2:50188)
    at SimpleURLLoaderWrapper.emit (node:events:513:28)
[2023-11-25 17:31:49.112] [info]  Checking for update
[2023-11-25 17:31:50.433] [info]  Update for version 5.1.2 is not available (latest version: 5.1.2, downgrade is allowed).
[2023-11-25 19:31:49.749] [info]  Checking for update
[2023-11-25 19:31:51.058] [info]  Update for version 5.1.2 is not available (latest version: 5.1.2, downgrade is allowed).
[2024-01-05 17:39:22.586] [info]  App starting...
[2024-01-09 13:46:09.163] [info]  App starting...
[2024-01-09 13:52:30.647] [info]  App starting...
[2024-01-09 13:52:46.504] [info]  App starting...
[2024-01-09 13:54:02.968] [info]  App starting...
[2024-01-09 13:57:48.743] [info]  App starting...
[2024-01-09 13:57:55.273] [info]  App starting...
[2024-01-09 14:01:17.254] [info]  App starting...
[2024-01-09 14:01:21.904] [info]  App starting...
[2024-01-09 14:19:29.345] [info]  App starting...
[2024-01-09 15:46:10.898] [info]  Checking for update
[2024-01-09 15:46:13.346] [info]  Update for version 5.2.2 is not available (latest version: 5.2.2, downgrade is allowed).
[2024-01-09 17:46:11.145] [info]  Checking for update
[2024-01-09 17:46:12.600] [info]  Update for version 5.2.2 is not available (latest version: 5.2.2, downgrade is allowed).
[2024-01-09 19:46:11.221] [info]  Checking for update
[2024-01-09 19:46:13.103] [info]  Update for version 5.2.2 is not available (latest version: 5.2.2, downgrade is allowed).
[2024-01-10 01:15:56.044] [info]  App starting...
[2024-01-10 01:16:28.110] [info]  App starting...
[2024-01-10 03:02:40.924] [info]  App starting...
[2024-01-10 03:03:23.491] [info]  App starting...
[2024-01-10 03:13:47.358] [info]  App starting...
[2024-01-10 03:17:55.056] [info]  App starting...
[2024-01-10 03:19:50.587] [info]  App starting...
[2024-01-10 03:23:14.080] [info]  App starting...
[2024-01-10 05:02:42.442] [info]  Checking for update
[2024-01-10 05:02:42.515] [error] Error: Error: net::ERR_INTERNET_DISCONNECTED
    at SimpleURLLoaderWrapper.<anonymous> (node:electron/js2c/browser_init:2:49030)
    at SimpleURLLoaderWrapper.emit (node:events:517:28)
[2024-01-10 07:02:42.443] [info]  Checking for update
[2024-01-10 07:02:42.447] [error] Error: Error: net::ERR_INTERNET_DISCONNECTED
    at SimpleURLLoaderWrapper.<anonymous> (node:electron/js2c/browser_init:2:49030)
    at SimpleURLLoaderWrapper.emit (node:events:517:28)
[2024-01-10 09:02:42.446] [info]  Checking for update
[2024-01-10 09:02:42.449] [error] Error: Error: net::ERR_INTERNET_DISCONNECTED
    at SimpleURLLoaderWrapper.<anonymous> (node:electron/js2c/browser_init:2:49030)
    at SimpleURLLoaderWrapper.emit (node:events:517:28)
[2024-01-18 11:03:06.053] [info]  App starting...
[2024-01-18 11:06:26.832] [info]  App starting...
[2024-01-19 19:47:07.063] [info]  App starting...
[2024-01-19 19:52:30.605] [info]  App starting...
[2024-01-19 19:59:25.562] [info]  App starting...
[2024-01-19 21:26:03.249] [info]  App starting...
[2024-01-19 21:26:07.179] [info]  App starting...
[2024-01-19 23:26:04.801] [info]  Checking for update
[2024-01-19 23:26:07.163] [info]  Update for version 5.2.2 is not available (latest version: 5.2.2, downgrade is allowed).
[2024-01-20 01:26:04.870] [info]  Checking for update
[2024-01-20 01:26:07.480] [info]  Update for version 5.2.2 is not available (latest version: 5.2.2, downgrade is allowed).
[2024-01-20 03:26:04.845] [info]  Checking for update
[2024-01-20 03:26:07.437] [info]  Update for version 5.2.2 is not available (latest version: 5.2.2, downgrade is allowed).
[2024-01-23 01:42:00.655] [info]  App starting...
[2024-01-23 01:46:37.388] [info]  App starting...
[2024-01-25 13:59:05.168] [info]  App starting...
[2024-01-25 13:59:13.145] [info]  App starting...
[2024-01-27 11:55:33.356] [info]  App starting...
[2024-01-27 11:55:41.520] [info]  App starting...
[2024-01-27 13:55:36.076] [info]  Checking for update
[2024-01-27 13:55:38.333] [info]  Update for version 5.2.2 is not available (latest version: 5.2.2, downgrade is allowed).
[2024-01-27 15:55:36.099] [info]  Checking for update
[2024-01-27 15:55:38.079] [info]  Update for version 5.2.2 is not available (latest version: 5.2.2, downgrade is allowed).
[2024-01-27 17:55:36.102] [info]  Checking for update
[2024-01-27 17:56:16.230] [error] Error: Error: net::ERR_TIMED_OUT
    at SimpleURLLoaderWrapper.<anonymous> (node:electron/js2c/browser_init:2:49030)
    at SimpleURLLoaderWrapper.emit (node:events:517:28)
[2024-01-27 19:55:36.449] [info]  Checking for update
[2024-01-27 19:55:38.726] [info]  Update for version 5.2.2 is not available (latest version: 5.2.2, downgrade is allowed).
[2024-01-27 21:55:36.773] [info]  Checking for update
[2024-01-27 21:55:39.267] [info]  Update for version 5.2.2 is not available (latest version: 5.2.2, downgrade is allowed).
[2024-01-27 23:55:36.945] [info]  Checking for update
[2024-01-27 23:55:39.291] [info]  Update for version 5.2.2 is not available (latest version: 5.2.2, downgrade is allowed).
[2024-01-28 01:55:37.095] [info]  Checking for update
[2024-01-28 01:55:38.800] [info]  Update for version 5.2.2 is not available (latest version: 5.2.2, downgrade is allowed).
[2024-01-28 03:55:37.411] [info]  Checking for update
[2024-01-28 03:55:39.894] [info]  Update for version 5.2.2 is not available (latest version: 5.2.2, downgrade is allowed).
[2024-01-28 04:33:25.235] [info]  App starting...
[2024-01-28 04:33:33.292] [info]  App starting...
[2024-01-28 05:55:37.393] [info]  Checking for update
[2024-01-28 05:55:39.204] [info]  Update for version 5.2.2 is not available (latest version: 5.2.2, downgrade is allowed).
[2024-01-28 07:55:37.398] [info]  Checking for update
[2024-01-28 07:55:39.833] [info]  Update for version 5.2.2 is not available (latest version: 5.2.2, downgrade is allowed).
[2024-01-28 09:55:37.403] [info]  Checking for update
[2024-01-28 09:55:39.802] [info]  Update for version 5.2.2 is not available (latest version: 5.2.2, downgrade is allowed).
[2024-01-28 13:55:26.773] [info]  App starting...
[2024-01-28 13:55:37.361] [info]  App starting...
[2024-01-28 14:00:29.797] [info]  App starting...
[2024-01-28 14:08:12.843] [info]  App starting...
[2024-01-28 14:16:29.688] [info]  App starting...
[2024-01-28 14:17:27.374] [info]  App starting...
[2024-01-28 14:21:08.163] [info]  App starting...
[2024-01-28 14:21:19.129] [info]  App starting...
[2024-01-28 16:21:09.543] [info]  Checking for update
[2024-01-28 16:21:11.324] [info]  Update for version 5.2.2 is not available (latest version: 5.2.2, downgrade is allowed).
[2024-02-02 12:48:19.218] [info]  App starting...
[2024-02-05 02:36:44.331] [info]  App starting...
[2024-02-05 02:38:46.658] [info]  App starting...
[2024-02-05 02:38:57.785] [info]  App starting...
[2024-02-05 02:53:40.087] [info]  App starting...
[2024-02-06 00:07:22.963] [info]  App starting...
[2024-02-06 00:07:49.880] [info]  App starting...
[2024-02-06 00:08:13.860] [info]  App starting...
[2024-02-06 00:10:56.641] [info]  App starting...
[2024-02-06 00:19:44.415] [info]  App starting...
[2024-02-06 00:30:19.678] [info]  App starting...
[2024-02-06 00:33:12.062] [info]  App starting...
[2024-02-06 02:07:54.913] [info]  Checking for update
[2024-02-06 02:07:58.018] [info]  Update for version 5.2.3 is not available (latest version: 5.2.3, downgrade is allowed).
[2024-02-06 02:13:23.302] [info]  App starting...
[2024-02-06 02:15:16.739] [info]  App starting...
[2024-03-03 13:58:25.528] [info]  App starting...
[2024-03-03 13:58:36.781] [info]  App starting...
